<?xml version="1.0" encoding="UTF-8"?>
<testsuite name="com.vrs.test.ActiveBookingServiceMockitoTest" tests="10" skipped="0" failures="0" errors="0" timestamp="2021-08-10T08:46:32" hostname="LAPTOP-95BKIJIV" time="0.439">
  <properties/>
  <testcase name="testGetActiveBookingById()" classname="com.vrs.test.ActiveBookingServiceMockitoTest" time="0.247"/>
  <testcase name="testFindByPending()" classname="com.vrs.test.ActiveBookingServiceMockitoTest" time="0.017"/>
  <testcase name="testFindByStatus()" classname="com.vrs.test.ActiveBookingServiceMockitoTest" time="0.016"/>
  <testcase name="testFindByCompleted()" classname="com.vrs.test.ActiveBookingServiceMockitoTest" time="0.018"/>
  <testcase name="testDeleteActiveBookingById()" classname="com.vrs.test.ActiveBookingServiceMockitoTest" time="0.018"/>
  <testcase name="testFindByInprogress()" classname="com.vrs.test.ActiveBookingServiceMockitoTest" time="0.016"/>
  <testcase name="testViewAllActiveBooking()" classname="com.vrs.test.ActiveBookingServiceMockitoTest" time="0.014"/>
  <testcase name="testFindByCancelled()" classname="com.vrs.test.ActiveBookingServiceMockitoTest" time="0.016"/>
  <testcase name="testUpdateActiveBooking()" classname="com.vrs.test.ActiveBookingServiceMockitoTest" time="0.014"/>
  <testcase name="testAddActiveBooking()" classname="com.vrs.test.ActiveBookingServiceMockitoTest" time="0.011"/>
  <system-out><![CDATA[[INFO ] 2021-08-10 14:16:29.568 [Test worker] DefaultTestContextBootstrapper - Neither @ContextConfiguration nor @ContextHierarchy found for test class [com.vrs.test.ActiveBookingServiceMockitoTest], using DelegatingSmartContextLoader
[INFO ] 2021-08-10 14:16:29.608 [Test worker] AbstractContextLoader - Could not detect default resource locations for test class [com.vrs.test.ActiveBookingServiceMockitoTest]: no resource found for suffixes {-context.xml}.
[INFO ] 2021-08-10 14:16:29.613 [Test worker] AnnotationConfigContextLoaderUtils - Could not detect default configuration classes for test class [com.vrs.test.ActiveBookingServiceMockitoTest]: ActiveBookingServiceMockitoTest does not declare any static, non-private, non-final, nested classes annotated with @Configuration.
[INFO ] 2021-08-10 14:16:29.826 [Test worker] DefaultTestContextBootstrapper - Loaded default TestExecutionListener class names from location [META-INF/spring.factories]: [org.springframework.boot.test.autoconfigure.restdocs.RestDocsTestExecutionListener, org.springframework.boot.test.autoconfigure.web.client.MockRestServiceServerResetTestExecutionListener, org.springframework.boot.test.autoconfigure.web.servlet.MockMvcPrintOnlyOnFailureTestExecutionListener, org.springframework.boot.test.autoconfigure.web.servlet.WebDriverTestExecutionListener, org.springframework.boot.test.autoconfigure.webservices.client.MockWebServiceServerTestExecutionListener, org.springframework.boot.test.mock.mockito.MockitoTestExecutionListener, org.springframework.boot.test.mock.mockito.ResetMocksTestExecutionListener, org.springframework.test.context.web.ServletTestExecutionListener, org.springframework.test.context.support.DirtiesContextBeforeModesTestExecutionListener, org.springframework.test.context.event.ApplicationEventsTestExecutionListener, org.springframework.test.context.support.DependencyInjectionTestExecutionListener, org.springframework.test.context.support.DirtiesContextTestExecutionListener, org.springframework.test.context.transaction.TransactionalTestExecutionListener, org.springframework.test.context.jdbc.SqlScriptsTestExecutionListener, org.springframework.test.context.event.EventPublishingTestExecutionListener]
[INFO ] 2021-08-10 14:16:29.900 [Test worker] DefaultTestContextBootstrapper - Using TestExecutionListeners: [org.springframework.test.context.web.ServletTestExecutionListener@70a8845f, org.springframework.test.context.support.DirtiesContextBeforeModesTestExecutionListener@36789503, org.springframework.test.context.event.ApplicationEventsTestExecutionListener@51544af3, org.springframework.boot.test.mock.mockito.MockitoTestExecutionListener@10a179ae, org.springframework.test.context.support.DependencyInjectionTestExecutionListener@241f9d99, org.springframework.test.context.support.DirtiesContextTestExecutionListener@563dd494, org.springframework.test.context.transaction.TransactionalTestExecutionListener@25cd0f72, org.springframework.test.context.jdbc.SqlScriptsTestExecutionListener@3e3a7e6c, org.springframework.test.context.event.EventPublishingTestExecutionListener@6691df67, org.springframework.boot.test.autoconfigure.restdocs.RestDocsTestExecutionListener@5eb03e55, org.springframework.boot.test.autoconfigure.web.client.MockRestServiceServerResetTestExecutionListener@13cb0c6e, org.springframework.boot.test.autoconfigure.web.servlet.MockMvcPrintOnlyOnFailureTestExecutionListener@7eefd965, org.springframework.boot.test.autoconfigure.web.servlet.WebDriverTestExecutionListener@166d4b38, org.springframework.boot.test.autoconfigure.webservices.client.MockWebServiceServerTestExecutionListener@49709d36, org.springframework.boot.test.mock.mockito.ResetMocksTestExecutionListener@293400a]
]]></system-out>
  <system-err><![CDATA[]]></system-err>
</testsuite>
