<?xml version="1.0" encoding="UTF-8"?>
<testsuite name="com.vrs.VehicleRentingSystemApplicationTests" tests="1" skipped="0" failures="0" errors="0" timestamp="2021-08-10T08:46:55" hostname="LAPTOP-95BKIJIV" time="0.009">
  <properties/>
  <testcase name="contextLoads()" classname="com.vrs.VehicleRentingSystemApplicationTests" time="0.009"/>
  <system-out><![CDATA[[INFO ] 2021-08-10 14:16:55.393 [Test worker] SpringBootTestContextBootstrapper - Neither @ContextConfiguration nor @ContextHierarchy found for test class [com.vrs.VehicleRentingSystemApplicationTests], using SpringBootContextLoader
[INFO ] 2021-08-10 14:16:55.396 [Test worker] AbstractContextLoader - Could not detect default resource locations for test class [com.vrs.VehicleRentingSystemApplicationTests]: no resource found for suffixes {-context.xml, Context.groovy}.
[INFO ] 2021-08-10 14:16:55.396 [Test worker] AnnotationConfigContextLoaderUtils - Could not detect default configuration classes for test class [com.vrs.VehicleRentingSystemApplicationTests]: VehicleRentingSystemApplicationTests does not declare any static, non-private, non-final, nested classes annotated with @Configuration.
[INFO ] 2021-08-10 14:16:55.414 [Test worker] SpringBootTestContextBootstrapper - Found @SpringBootConfiguration com.vrs.VehicleRentingSystemApplication for test class com.vrs.VehicleRentingSystemApplicationTests
[INFO ] 2021-08-10 14:16:55.419 [Test worker] SpringBootTestContextBootstrapper - Loaded default TestExecutionListener class names from location [META-INF/spring.factories]: [org.springframework.boot.test.autoconfigure.restdocs.RestDocsTestExecutionListener, org.springframework.boot.test.autoconfigure.web.client.MockRestServiceServerResetTestExecutionListener, org.springframework.boot.test.autoconfigure.web.servlet.MockMvcPrintOnlyOnFailureTestExecutionListener, org.springframework.boot.test.autoconfigure.web.servlet.WebDriverTestExecutionListener, org.springframework.boot.test.autoconfigure.webservices.client.MockWebServiceServerTestExecutionListener, org.springframework.boot.test.mock.mockito.MockitoTestExecutionListener, org.springframework.boot.test.mock.mockito.ResetMocksTestExecutionListener, org.springframework.test.context.web.ServletTestExecutionListener, org.springframework.test.context.support.DirtiesContextBeforeModesTestExecutionListener, org.springframework.test.context.event.ApplicationEventsTestExecutionListener, org.springframework.test.context.support.DependencyInjectionTestExecutionListener, org.springframework.test.context.support.DirtiesContextTestExecutionListener, org.springframework.test.context.transaction.TransactionalTestExecutionListener, org.springframework.test.context.jdbc.SqlScriptsTestExecutionListener, org.springframework.test.context.event.EventPublishingTestExecutionListener]
[INFO ] 2021-08-10 14:16:55.420 [Test worker] SpringBootTestContextBootstrapper - Using TestExecutionListeners: [org.springframework.test.context.web.ServletTestExecutionListener@357bb80a, org.springframework.test.context.support.DirtiesContextBeforeModesTestExecutionListener@623a1515, org.springframework.test.context.event.ApplicationEventsTestExecutionListener@33776558, org.springframework.boot.test.mock.mockito.MockitoTestExecutionListener@1c3dc76b, org.springframework.boot.test.autoconfigure.SpringBootDependencyInjectionTestExecutionListener@746e870e, org.springframework.test.context.support.DirtiesContextTestExecutionListener@464ea62b, org.springframework.test.context.transaction.TransactionalTestExecutionListener@4e9b461f, org.springframework.test.context.jdbc.SqlScriptsTestExecutionListener@3cefd638, org.springframework.test.context.event.EventPublishingTestExecutionListener@3cb9705c, org.springframework.boot.test.autoconfigure.restdocs.RestDocsTestExecutionListener@f75f61e, org.springframework.boot.test.autoconfigure.web.client.MockRestServiceServerResetTestExecutionListener@1b4af251, org.springframework.boot.test.autoconfigure.web.servlet.MockMvcPrintOnlyOnFailureTestExecutionListener@5956b916, org.springframework.boot.test.autoconfigure.web.servlet.WebDriverTestExecutionListener@2e9a19f0, org.springframework.boot.test.autoconfigure.webservices.client.MockWebServiceServerTestExecutionListener@e7fcf3b, org.springframework.boot.test.mock.mockito.ResetMocksTestExecutionListener@42eb7cdf]
]]></system-out>
  <system-err><![CDATA[]]></system-err>
</testsuite>
